<?xml version="1.0" encoding="UTF-8"?>
<testsuite xmlns:xsi="http://www.w3.org/2001/XMLSchema-instance" xsi:noNamespaceSchemaLocation="https://maven.apache.org/surefire/maven-surefire-plugin/xsd/surefire-test-report.xsd" version="3.0.2" name="com.github.yasminmuniz25.ms.pagamentos.MsPagamentosApplicationTests" time="3.081" tests="1" errors="0" skipped="0" failures="0" flakes="0">
  <properties>
[...]
</properties>
  <testcase name="contextLoads" classname="com.github.yasminmuniz25.ms.pagamentos.MsPagamentosApplicationTests" time="0.276">
    <system-out><![CDATA[10:56:02.836 [main] INFO org.springframework.test.context.support.AnnotationConfigContextLoaderUtils -- Could not detect default configuration classes for test class [com.github.yasminmuniz25.ms.pagamentos.MsPagamentosApplicationTests]: MsPagamentosApplicationTests does not declare any static, non-private, non-final, nested classes annotated with @Configuration.
10:56:02.905 [main] INFO org.springframework.boot.test.context.SpringBootTestContextBootstrapper -- Found @SpringBootConfiguration com.github.yasminmuniz25.ms.pagamentos.MsPagamentosApplication for test class com.github.yasminmuniz25.ms.pagamentos.MsPagamentosApplicationTests
10:56:03.037 [main] INFO org.springframework.boot.devtools.restart.RestartApplicationListener -- Restart disabled due to context in which it is running

  .   ____          _            __ _ _
 /\\ / ___'_ __ _ _(_)_ __  __ _ \ \ \ \
( ( )\___ | '_ | '_| | '_ \/ _` | \ \ \ \
 \\/  ___)| |_)| | | | | || (_| |  ) ) ) )
  '  |____| .__|_| |_|_| |_\__, | / / / /
 =========|_|==============|___/=/_/_/_/

 :: Spring Boot ::               (v3.5.13)

2026-04-01T10:56:03.256-03:00  INFO 11912 --- [ms-pagamentos] [           main] c.g.y.m.p.MsPagamentosApplicationTests   : Starting MsPagamentosApplicationTests using Java 17.0.15 with PID 11912 (started by labsfiap in D:\microservices-hub-sipf-26\ms-pagamentos)
2026-04-01T10:56:03.257-03:00  INFO 11912 --- [ms-pagamentos] [           main] c.g.y.m.p.MsPagamentosApplicationTests   : No active profile set, falling back to 1 default profile: "default"
2026-04-01T10:56:03.798-03:00  INFO 11912 --- [ms-pagamentos] [           main] .s.d.r.c.RepositoryConfigurationDelegate : Bootstrapping Spring Data JPA repositories in DEFAULT mode.
2026-04-01T10:56:03.812-03:00  INFO 11912 --- [ms-pagamentos] [           main] .s.d.r.c.RepositoryConfigurationDelegate : Finished Spring Data repository scanning in 8 ms. Found 0 JPA repository interfaces.
2026-04-01T10:56:04.076-03:00  INFO 11912 --- [ms-pagamentos] [           main] com.zaxxer.hikari.HikariDataSource       : HikariPool-1 - Starting...
2026-04-01T10:56:04.226-03:00  INFO 11912 --- [ms-pagamentos] [           main] com.zaxxer.hikari.pool.HikariPool        : HikariPool-1 - Added connection conn0: url=jdbc:h2:mem:b3035645-13d5-4d3f-8087-eb8883bd52c9 user=SA
2026-04-01T10:56:04.228-03:00  INFO 11912 --- [ms-pagamentos] [           main] com.zaxxer.hikari.HikariDataSource       : HikariPool-1 - Start completed.
2026-04-01T10:56:04.280-03:00  INFO 11912 --- [ms-pagamentos] [           main] o.hibernate.jpa.internal.util.LogHelper  : HHH000204: Processing PersistenceUnitInfo [name: default]
2026-04-01T10:56:04.354-03:00  INFO 11912 --- [ms-pagamentos] [           main] org.hibernate.Version                    : HHH000412: Hibernate ORM core version 6.6.45.Final
2026-04-01T10:56:04.396-03:00  INFO 11912 --- [ms-pagamentos] [           main] o.h.c.internal.RegionFactoryInitiator    : HHH000026: Second-level cache disabled
2026-04-01T10:56:04.644-03:00  INFO 11912 --- [ms-pagamentos] [           main] o.s.o.j.p.SpringPersistenceUnitInfo      : No LoadTimeWeaver setup: ignoring JPA class transformer
2026-04-01T10:56:04.691-03:00  INFO 11912 --- [ms-pagamentos] [           main] org.hibernate.orm.connections.pooling    : HHH10001005: Database info:
	Database JDBC URL [Connecting through datasource 'HikariDataSource (HikariPool-1)']
	Database driver: undefined/unknown
	Database version: 2.3.232
	Autocommit mode: undefined/unknown
	Isolation level: undefined/unknown
	Minimum pool size: undefined/unknown
	Maximum pool size: undefined/unknown
2026-04-01T10:56:04.835-03:00  INFO 11912 --- [ms-pagamentos] [           main] o.h.e.t.j.p.i.JtaPlatformInitiator       : HHH000489: No JTA platform available (set 'hibernate.transaction.jta.platform' to enable JTA platform integration)
2026-04-01T10:56:04.837-03:00  INFO 11912 --- [ms-pagamentos] [           main] j.LocalContainerEntityManagerFactoryBean : Initialized JPA EntityManagerFactory for persistence unit 'default'
2026-04-01T10:56:04.986-03:00  WARN 11912 --- [ms-pagamentos] [           main] JpaBaseConfiguration$JpaWebConfiguration : spring.jpa.open-in-view is enabled by default. Therefore, database queries may be performed during view rendering. Explicitly configure spring.jpa.open-in-view to disable this warning
2026-04-01T10:56:05.526-03:00  INFO 11912 --- [ms-pagamentos] [           main] c.g.y.m.p.MsPagamentosApplicationTests   : Started MsPagamentosApplicationTests in 2.497 seconds (process running for 3.044)
]]></system-out>
  </testcase>
</testsuite>